  [1m[36m (0.7ms)[0m  [1mCREATE TABLE "activities" ("id" INTEGER PRIMARY KEY AUTOINCREMENT NOT NULL, "event_name" varchar, "max_size" integer, "current_size" integer, "description" text, "category" varchar, "date" datetime, "location" varchar, "created_at" datetime NOT NULL, "updated_at" datetime NOT NULL, "creator_id" integer, "open_status" varchar) [0m
  [1m[35m (0.3ms)[0m  CREATE TABLE "activity_user_relations" ("id" INTEGER PRIMARY KEY AUTOINCREMENT NOT NULL, "user_id" integer, "activity_id" integer) 
  [1m[36m (0.3ms)[0m  [1mCREATE TABLE "follows" ("id" INTEGER PRIMARY KEY AUTOINCREMENT NOT NULL, "follower" integer, "followee" integer) [0m
  [1m[35m (0.3ms)[0m  CREATE TABLE "users" ("id" INTEGER PRIMARY KEY AUTOINCREMENT NOT NULL, "user_name" varchar, "first_name" varchar, "last_name" varchar, "password_digest" varchar) 
  [1m[36m (0.3ms)[0m  [1mCREATE TABLE "schema_migrations" ("version" varchar NOT NULL) [0m
  [1m[35m (0.1ms)[0m  select sqlite_version(*)
  [1m[36m (0.3ms)[0m  [1mCREATE UNIQUE INDEX "unique_schema_migrations" ON "schema_migrations" ("version")[0m
  [1m[35m (0.0ms)[0m  SELECT version FROM "schema_migrations"
  [1m[36m (0.5ms)[0m  [1mINSERT INTO "schema_migrations" (version) VALUES ('20221215004715')[0m
  [1m[35m (0.3ms)[0m  INSERT INTO "schema_migrations" (version) VALUES ('20221030184038')
  [1m[36m (0.3ms)[0m  [1mINSERT INTO "schema_migrations" (version) VALUES ('20221109213751')[0m
  [1m[35m (0.3ms)[0m  INSERT INTO "schema_migrations" (version) VALUES ('20221031020723')
  [1m[36m (0.4ms)[0m  [1mINSERT INTO "schema_migrations" (version) VALUES ('20221109203408')[0m
  [1m[35m (0.5ms)[0m  INSERT INTO "schema_migrations" (version) VALUES ('20221214205355')
  [1m[36m (1.3ms)[0m  [1mINSERT INTO "schema_migrations" (version) VALUES ('20221109203308')[0m
  [1m[35m (0.5ms)[0m  CREATE TABLE "activities" ("id" INTEGER PRIMARY KEY AUTOINCREMENT NOT NULL, "event_name" varchar, "max_size" integer, "current_size" integer, "description" text, "category" varchar, "date" datetime, "location" varchar, "created_at" datetime NOT NULL, "updated_at" datetime NOT NULL, "creator_id" integer, "open_status" varchar) 
  [1m[36m (0.4ms)[0m  [1mCREATE TABLE "activity_user_relations" ("id" INTEGER PRIMARY KEY AUTOINCREMENT NOT NULL, "user_id" integer, "activity_id" integer) [0m
  [1m[35m (0.3ms)[0m  CREATE TABLE "follows" ("id" INTEGER PRIMARY KEY AUTOINCREMENT NOT NULL, "follower" integer, "followee" integer) 
  [1m[36m (0.3ms)[0m  [1mCREATE TABLE "users" ("id" INTEGER PRIMARY KEY AUTOINCREMENT NOT NULL, "user_name" varchar, "first_name" varchar, "last_name" varchar, "password_digest" varchar) [0m
  [1m[35m (0.3ms)[0m  CREATE TABLE "schema_migrations" ("version" varchar NOT NULL) 
  [1m[36m (0.0ms)[0m  [1mselect sqlite_version(*)[0m
  [1m[35m (0.3ms)[0m  CREATE UNIQUE INDEX "unique_schema_migrations" ON "schema_migrations" ("version")
  [1m[36m (0.0ms)[0m  [1mSELECT version FROM "schema_migrations"[0m
  [1m[35m (0.3ms)[0m  INSERT INTO "schema_migrations" (version) VALUES ('20221215004715')
  [1m[36m (0.3ms)[0m  [1mINSERT INTO "schema_migrations" (version) VALUES ('20221030184038')[0m
  [1m[35m (0.3ms)[0m  INSERT INTO "schema_migrations" (version) VALUES ('20221109213751')
  [1m[36m (0.3ms)[0m  [1mINSERT INTO "schema_migrations" (version) VALUES ('20221031020723')[0m
  [1m[35m (0.3ms)[0m  INSERT INTO "schema_migrations" (version) VALUES ('20221109203408')
  [1m[36m (0.3ms)[0m  [1mINSERT INTO "schema_migrations" (version) VALUES ('20221214205355')[0m
  [1m[35m (0.3ms)[0m  INSERT INTO "schema_migrations" (version) VALUES ('20221109203308')
  [1m[36mActiveRecord::SchemaMigration Load (0.1ms)[0m  [1mSELECT "schema_migrations".* FROM "schema_migrations"[0m
  [1m[35m (0.0ms)[0m  begin transaction
  [1m[36mSQL (0.6ms)[0m  [1mINSERT INTO "activities" ("event_name", "creator_id", "max_size", "current_size", "category", "date", "location", "open_status", "created_at", "updated_at") VALUES (?, ?, ?, ?, ?, ?, ?, ?, ?, ?)[0m  [["event_name", "Halloween Night"], ["creator_id", 1], ["max_size", 10], ["current_size", 10], ["category", "Entertainment"], ["date", "2022-10-31 00:00:00.000000"], ["location", "Columbia University"], ["open_status", "Open"], ["created_at", "2023-11-01 18:56:56.645451"], ["updated_at", "2023-11-01 18:56:56.645451"]]
  [1m[35m (0.3ms)[0m  commit transaction
  [1m[36m (0.0ms)[0m  [1mbegin transaction[0m
  [1m[35mSQL (0.1ms)[0m  INSERT INTO "activities" ("event_name", "creator_id", "max_size", "current_size", "category", "date", "location", "open_status", "created_at", "updated_at") VALUES (?, ?, ?, ?, ?, ?, ?, ?, ?, ?)  [["event_name", "Met Sunday"], ["creator_id", 2], ["max_size", 4], ["current_size", 1], ["category", "Arts"], ["date", "2022-10-30 00:00:00.000000"], ["location", "Met Museum"], ["open_status", "Open"], ["created_at", "2023-11-01 18:56:56.648236"], ["updated_at", "2023-11-01 18:56:56.648236"]]
  [1m[36m (0.2ms)[0m  [1mcommit transaction[0m
  [1m[35m (0.1ms)[0m  begin transaction
  [1m[36mUser Exists (0.1ms)[0m  [1mSELECT  1 AS one FROM "users" WHERE "users"."user_name" = 'tester1' LIMIT 1[0m
  [1m[35mSQL (0.2ms)[0m  INSERT INTO "users" ("user_name", "first_name", "last_name", "password_digest") VALUES (?, ?, ?, ?)  [["user_name", "tester1"], ["first_name", "first tester1"], ["last_name", "last tester1"], ["password_digest", "$2a$12$/USTT7PtRxiBQmSxRGs8W.pzTSUd9LGEj136/8pf7wOeoGzfqSNBu"]]
  [1m[36m (0.4ms)[0m  [1mcommit transaction[0m
  [1m[35m (0.1ms)[0m  begin transaction
  [1m[36mUser Exists (0.3ms)[0m  [1mSELECT  1 AS one FROM "users" WHERE "users"."user_name" = 'tester2' LIMIT 1[0m
  [1m[35mSQL (0.3ms)[0m  INSERT INTO "users" ("user_name", "first_name", "last_name", "password_digest") VALUES (?, ?, ?, ?)  [["user_name", "tester2"], ["first_name", "first tester2"], ["last_name", "last tester2"], ["password_digest", "$2a$12$Wkwn5.xhFtK9VxalCh3fwu1Mtln5uCXe10itz4GYL7HrpZzglply."]]
  [1m[36m (0.8ms)[0m  [1mcommit transaction[0m


Started GET "/" for ::1 at 2023-11-01 15:06:16 -0400
  [1m[36mActiveRecord::SchemaMigration Load (0.9ms)[0m  [1mSELECT "schema_migrations".* FROM "schema_migrations"[0m
Processing by UsersController#index as HTML
Redirected to http://localhost:3000/sessions/new
Completed 302 Found in 7ms (ActiveRecord: 0.0ms)


Started GET "/sessions/new" for ::1 at 2023-11-01 15:06:16 -0400
Processing by SessionsController#new as HTML
  Rendered sessions/new.html.erb within layouts/application (9.2ms)
  Rendered layouts/_flash.erb (0.4ms)
Completed 200 OK in 406ms (Views: 405.8ms | ActiveRecord: 0.0ms)


Started GET "/assets/activities.self-e3b0c44298fc1c149afbf4c8996fb92427ae41e4649b934ca495991b7852b855.css?body=1" for ::1 at 2023-11-01 15:06:17 -0400


Started GET "/assets/application.self-e80e8f2318043e8af94dddc2adad5a4f09739a8ebb323b3ab31cd71d45fd9113.css?body=1" for ::1 at 2023-11-01 15:06:17 -0400


Started GET "/assets/jquery_ujs.self-784a997f6726036b1993eb2217c9cb558e1cbb801c6da88105588c56f13b466a.js?body=1" for ::1 at 2023-11-01 15:06:17 -0400


Started GET "/assets/activities.self-19a187bec6cdb96d6de80a61c16c857c613536adf9138476bd367db38d282635.js?body=1" for ::1 at 2023-11-01 15:06:17 -0400


Started GET "/assets/following.self-e3b0c44298fc1c149afbf4c8996fb92427ae41e4649b934ca495991b7852b855.css?body=1" for ::1 at 2023-11-01 15:06:17 -0400


Started GET "/assets/jquery.self-bd7ddd393353a8d2480a622e80342adf488fb6006d667e8b42e4c0073393abee.js?body=1" for ::1 at 2023-11-01 15:06:17 -0400


Started GET "/assets/following.self-19a187bec6cdb96d6de80a61c16c857c613536adf9138476bd367db38d282635.js?body=1" for ::1 at 2023-11-01 15:06:17 -0400


Started GET "/assets/application.self-377610cd7c1509e934744c810e3b4cf672dfbcacac3274e7d039827e2ae0fcc7.js?body=1" for ::1 at 2023-11-01 15:06:17 -0400


Started GET "/users/new" for ::1 at 2023-11-01 15:06:39 -0400
Processing by UsersController#new as HTML
  Rendered users/new.html.erb within layouts/application (4.8ms)
  Rendered layouts/_flash.erb (0.1ms)
Completed 200 OK in 38ms (Views: 37.1ms | ActiveRecord: 0.0ms)


Started POST "/users" for ::1 at 2023-11-01 15:07:00 -0400
Processing by UsersController#create as HTML
  Parameters: {"utf8"=>"✓", "authenticity_token"=>"90JQiFPvohJDnGC0VA/gmC24EjALEYqk917NdQ8OrqFv98Eee0S3gJeAczB9lqhGVJcnxphQgfbGk3uzyVkGtQ==", "user"=>{"user_name"=>"jqin", "first_name"=>"Jingyue", "last_name"=>"Qin", "password"=>"[FILTERED]"}, "commit"=>"Register"}
  [1m[35m (0.2ms)[0m  begin transaction
  [1m[36mUser Exists (1.0ms)[0m  [1mSELECT  1 AS one FROM "users" WHERE "users"."user_name" = 'jqin' LIMIT 1[0m
  [1m[35mSQL (0.3ms)[0m  INSERT INTO "users" ("user_name", "first_name", "last_name", "password_digest") VALUES (?, ?, ?, ?)  [["user_name", "jqin"], ["first_name", "Jingyue"], ["last_name", "Qin"], ["password_digest", "$2a$12$MQxzzG9fTr9bhdmWEqHQTuqfMJ/slH..qAZw7rQHj7l5FIDHpaMUG"]]
  [1m[36m (0.3ms)[0m  [1mcommit transaction[0m
Redirected to http://localhost:3000/
Completed 302 Found in 1371ms (ActiveRecord: 2.3ms)


Started GET "/" for ::1 at 2023-11-01 15:07:01 -0400
Processing by UsersController#index as HTML
  [1m[35mUser Load (0.1ms)[0m  SELECT  "users".* FROM "users" WHERE "users"."id" = ? LIMIT 1  [["id", 3]]
Redirected to http://localhost:3000/activities
Completed 302 Found in 6ms (ActiveRecord: 0.1ms)


Started GET "/activities" for ::1 at 2023-11-01 15:07:01 -0400
Processing by ActivitiesController#index as HTML
Redirected to http://localhost:3000/activities?categories%5BArts%5D=1&categories%5BEducation%5D=1&categories%5BEntertainment%5D=1&categories%5BOthers%5D=1&categories%5BOutdoor%5D=1&categories%5BSports%5D=1&sort_by=id
Filter chain halted as :force_index_redirect rendered or redirected
Completed 302 Found in 2ms (ActiveRecord: 0.0ms)


Started GET "/activities?categories%5BArts%5D=1&categories%5BEducation%5D=1&categories%5BEntertainment%5D=1&categories%5BOthers%5D=1&categories%5BOutdoor%5D=1&categories%5BSports%5D=1&sort_by=id" for ::1 at 2023-11-01 15:07:01 -0400
Processing by ActivitiesController#index as HTML
  Parameters: {"categories"=>{"Arts"=>"1", "Education"=>"1", "Entertainment"=>"1", "Others"=>"1", "Outdoor"=>"1", "Sports"=>"1"}, "sort_by"=>"id"}
  [1m[36mActivity Load (0.1ms)[0m  [1mSELECT "activities".* FROM "activities"[0m
  [1m[35m (0.0ms)[0m  begin transaction
  [1m[36mSQL (0.2ms)[0m  [1mUPDATE "activities" SET "open_status" = ?, "updated_at" = ? WHERE "activities"."id" = ?[0m  [["open_status", "Close"], ["updated_at", "2023-11-01 19:07:01.653315"], ["id", 1]]
  [1m[35m (0.3ms)[0m  commit transaction
  [1m[36m (0.0ms)[0m  [1mbegin transaction[0m
  [1m[35mSQL (0.1ms)[0m  UPDATE "activities" SET "open_status" = ?, "updated_at" = ? WHERE "activities"."id" = ?  [["open_status", "Close"], ["updated_at", "2023-11-01 19:07:01.655148"], ["id", 2]]
  [1m[36m (0.2ms)[0m  [1mcommit transaction[0m
  [1m[35mActivity Load (0.1ms)[0m  SELECT "activities".* FROM "activities" WHERE (category in('Arts','Education','Entertainment','Others','Outdoor','Sports'))  ORDER BY id
  [1m[36mUser Load (0.0ms)[0m  [1mSELECT  "users".* FROM "users" WHERE "users"."id" = ? LIMIT 1[0m  [["id", 1]]
  [1m[35m (0.1ms)[0m  SELECT COUNT(*) FROM "activity_user_relations" WHERE "activity_user_relations"."user_id" = ? AND "activity_user_relations"."activity_id" = ?  [["user_id", 3], ["activity_id", 1]]
  [1m[36mUser Load (0.0ms)[0m  [1mSELECT  "users".* FROM "users" WHERE "users"."id" = ? LIMIT 1[0m  [["id", 2]]
  [1m[35m (0.0ms)[0m  SELECT COUNT(*) FROM "activity_user_relations" WHERE "activity_user_relations"."user_id" = ? AND "activity_user_relations"."activity_id" = ?  [["user_id", 3], ["activity_id", 2]]
  Rendered activities/index.html.erb within layouts/application (6.2ms)
  Rendered layouts/_flash.erb (0.1ms)
Completed 200 OK in 29ms (Views: 18.0ms | ActiveRecord: 1.5ms)


Started GET "/activities?utf8=%E2%9C%93&sort_by=id&categories%5BArts%5D=1&categories%5BEntertainment%5D=1&categories%5BEducation%5D=1&categories%5BSports%5D=1&categories%5BOutdoor%5D=1&commit=Refresh" for ::1 at 2023-11-01 15:07:12 -0400
Processing by ActivitiesController#index as HTML
  Parameters: {"utf8"=>"✓", "sort_by"=>"id", "categories"=>{"Arts"=>"1", "Entertainment"=>"1", "Education"=>"1", "Sports"=>"1", "Outdoor"=>"1"}, "commit"=>"Refresh"}
  [1m[36mActivity Load (0.6ms)[0m  [1mSELECT "activities".* FROM "activities"[0m
  [1m[35m (0.2ms)[0m  begin transaction
  [1m[36m (0.1ms)[0m  [1mcommit transaction[0m
  [1m[35m (0.1ms)[0m  begin transaction
  [1m[36m (0.1ms)[0m  [1mcommit transaction[0m
  [1m[35mActivity Load (0.3ms)[0m  SELECT "activities".* FROM "activities" WHERE (category in('Arts','Entertainment','Education','Sports','Outdoor'))  ORDER BY id
  [1m[36mUser Load (0.1ms)[0m  [1mSELECT  "users".* FROM "users" WHERE "users"."id" = ? LIMIT 1[0m  [["id", 1]]
  [1m[35m (0.1ms)[0m  SELECT COUNT(*) FROM "activity_user_relations" WHERE "activity_user_relations"."user_id" = ? AND "activity_user_relations"."activity_id" = ?  [["user_id", 3], ["activity_id", 1]]
  [1m[36mUser Load (0.1ms)[0m  [1mSELECT  "users".* FROM "users" WHERE "users"."id" = ? LIMIT 1[0m  [["id", 2]]
  [1m[35m (0.1ms)[0m  SELECT COUNT(*) FROM "activity_user_relations" WHERE "activity_user_relations"."user_id" = ? AND "activity_user_relations"."activity_id" = ?  [["user_id", 3], ["activity_id", 2]]
  Rendered activities/index.html.erb within layouts/application (8.9ms)
  Rendered layouts/_flash.erb (0.1ms)
Completed 200 OK in 42ms (Views: 30.5ms | ActiveRecord: 1.7ms)


Started GET "/activities?utf8=%E2%9C%93&sort_by=id&categories%5BArts%5D=1&categories%5BEntertainment%5D=1&categories%5BEducation%5D=1&categories%5BSports%5D=1&commit=Refresh" for ::1 at 2023-11-01 15:07:14 -0400
Processing by ActivitiesController#index as HTML
  Parameters: {"utf8"=>"✓", "sort_by"=>"id", "categories"=>{"Arts"=>"1", "Entertainment"=>"1", "Education"=>"1", "Sports"=>"1"}, "commit"=>"Refresh"}
  [1m[36mActivity Load (0.5ms)[0m  [1mSELECT "activities".* FROM "activities"[0m
  [1m[35m (0.2ms)[0m  begin transaction
  [1m[36m (0.1ms)[0m  [1mcommit transaction[0m
  [1m[35m (0.2ms)[0m  begin transaction
  [1m[36m (0.1ms)[0m  [1mcommit transaction[0m
  [1m[35mActivity Load (0.4ms)[0m  SELECT "activities".* FROM "activities" WHERE (category in('Arts','Entertainment','Education','Sports'))  ORDER BY id
  [1m[36mUser Load (0.1ms)[0m  [1mSELECT  "users".* FROM "users" WHERE "users"."id" = ? LIMIT 1[0m  [["id", 1]]
  [1m[35m (0.1ms)[0m  SELECT COUNT(*) FROM "activity_user_relations" WHERE "activity_user_relations"."user_id" = ? AND "activity_user_relations"."activity_id" = ?  [["user_id", 3], ["activity_id", 1]]
  [1m[36mUser Load (0.1ms)[0m  [1mSELECT  "users".* FROM "users" WHERE "users"."id" = ? LIMIT 1[0m  [["id", 2]]
  [1m[35m (0.1ms)[0m  SELECT COUNT(*) FROM "activity_user_relations" WHERE "activity_user_relations"."user_id" = ? AND "activity_user_relations"."activity_id" = ?  [["user_id", 3], ["activity_id", 2]]
  Rendered activities/index.html.erb within layouts/application (9.6ms)
  Rendered layouts/_flash.erb (0.1ms)
Completed 200 OK in 42ms (Views: 29.0ms | ActiveRecord: 2.0ms)


Started GET "/activities?utf8=%E2%9C%93&sort_by=id&event_status=Open&categories%5BArts%5D=1&categories%5BEntertainment%5D=1&categories%5BEducation%5D=1&categories%5BSports%5D=1&commit=Refresh" for ::1 at 2023-11-01 15:07:17 -0400
Processing by ActivitiesController#index as HTML
  Parameters: {"utf8"=>"✓", "sort_by"=>"id", "event_status"=>"Open", "categories"=>{"Arts"=>"1", "Entertainment"=>"1", "Education"=>"1", "Sports"=>"1"}, "commit"=>"Refresh"}
  [1m[36mActivity Load (0.3ms)[0m  [1mSELECT "activities".* FROM "activities"[0m
  [1m[35m (0.1ms)[0m  begin transaction
  [1m[36m (0.1ms)[0m  [1mcommit transaction[0m
  [1m[35m (0.1ms)[0m  begin transaction
  [1m[36m (0.1ms)[0m  [1mcommit transaction[0m
  [1m[35mActivity Load (0.2ms)[0m  SELECT "activities".* FROM "activities" WHERE (category in('Arts','Entertainment','Education','Sports')) AND "activities"."open_status" = ?  ORDER BY id  [["open_status", "Open"]]
  Rendered activities/index.html.erb within layouts/application (2.6ms)
  Rendered layouts/_flash.erb (0.1ms)
Completed 200 OK in 25ms (Views: 18.9ms | ActiveRecord: 0.7ms)


Started GET "/activities?utf8=%E2%9C%93&sort_by=id&categories%5BArts%5D=1&categories%5BEntertainment%5D=1&categories%5BEducation%5D=1&categories%5BSports%5D=1&commit=Refresh" for ::1 at 2023-11-01 15:07:19 -0400
Processing by ActivitiesController#index as HTML
  Parameters: {"utf8"=>"✓", "sort_by"=>"id", "categories"=>{"Arts"=>"1", "Entertainment"=>"1", "Education"=>"1", "Sports"=>"1"}, "commit"=>"Refresh"}
  [1m[36mActivity Load (0.4ms)[0m  [1mSELECT "activities".* FROM "activities"[0m
  [1m[35m (0.2ms)[0m  begin transaction
  [1m[36m (0.1ms)[0m  [1mcommit transaction[0m
  [1m[35m (0.1ms)[0m  begin transaction
  [1m[36m (0.1ms)[0m  [1mcommit transaction[0m
  [1m[35mActivity Load (0.3ms)[0m  SELECT "activities".* FROM "activities" WHERE (category in('Arts','Entertainment','Education','Sports'))  ORDER BY id
  [1m[36mUser Load (0.1ms)[0m  [1mSELECT  "users".* FROM "users" WHERE "users"."id" = ? LIMIT 1[0m  [["id", 1]]
  [1m[35m (0.1ms)[0m  SELECT COUNT(*) FROM "activity_user_relations" WHERE "activity_user_relations"."user_id" = ? AND "activity_user_relations"."activity_id" = ?  [["user_id", 3], ["activity_id", 1]]
  [1m[36mUser Load (0.1ms)[0m  [1mSELECT  "users".* FROM "users" WHERE "users"."id" = ? LIMIT 1[0m  [["id", 2]]
  [1m[35m (0.1ms)[0m  SELECT COUNT(*) FROM "activity_user_relations" WHERE "activity_user_relations"."user_id" = ? AND "activity_user_relations"."activity_id" = ?  [["user_id", 3], ["activity_id", 2]]
  Rendered activities/index.html.erb within layouts/application (9.8ms)
  Rendered layouts/_flash.erb (0.1ms)
Completed 200 OK in 44ms (Views: 33.8ms | ActiveRecord: 1.7ms)


Started GET "/activities?utf8=%E2%9C%93&sort_by=id&categories%5BArts%5D=1&categories%5BEntertainment%5D=1&categories%5BEducation%5D=1&categories%5BSports%5D=1&commit=Refresh" for ::1 at 2023-11-01 15:07:21 -0400
Processing by ActivitiesController#index as HTML
  Parameters: {"utf8"=>"✓", "sort_by"=>"id", "categories"=>{"Arts"=>"1", "Entertainment"=>"1", "Education"=>"1", "Sports"=>"1"}, "commit"=>"Refresh"}
  [1m[36mActivity Load (0.6ms)[0m  [1mSELECT "activities".* FROM "activities"[0m
  [1m[35m (0.2ms)[0m  begin transaction
  [1m[36m (0.1ms)[0m  [1mcommit transaction[0m
  [1m[35m (0.1ms)[0m  begin transaction
  [1m[36m (0.1ms)[0m  [1mcommit transaction[0m
  [1m[35mActivity Load (0.3ms)[0m  SELECT "activities".* FROM "activities" WHERE (category in('Arts','Entertainment','Education','Sports'))  ORDER BY id
  [1m[36mUser Load (0.1ms)[0m  [1mSELECT  "users".* FROM "users" WHERE "users"."id" = ? LIMIT 1[0m  [["id", 1]]
  [1m[35m (0.1ms)[0m  SELECT COUNT(*) FROM "activity_user_relations" WHERE "activity_user_relations"."user_id" = ? AND "activity_user_relations"."activity_id" = ?  [["user_id", 3], ["activity_id", 1]]
  [1m[36mUser Load (0.1ms)[0m  [1mSELECT  "users".* FROM "users" WHERE "users"."id" = ? LIMIT 1[0m  [["id", 2]]
  [1m[35m (0.1ms)[0m  SELECT COUNT(*) FROM "activity_user_relations" WHERE "activity_user_relations"."user_id" = ? AND "activity_user_relations"."activity_id" = ?  [["user_id", 3], ["activity_id", 2]]
  Rendered activities/index.html.erb within layouts/application (9.2ms)
  Rendered layouts/_flash.erb (0.1ms)
Completed 200 OK in 41ms (Views: 29.2ms | ActiveRecord: 1.7ms)


Started GET "/users/3" for ::1 at 2023-11-01 15:07:27 -0400
Processing by UsersController#show as HTML
  Parameters: {"id"=>"3"}
  [1m[36mUser Load (0.3ms)[0m  [1mSELECT  "users".* FROM "users" WHERE "users"."id" = ? LIMIT 1[0m  [["id", 3]]
  [1m[35mActivityUserRelation Load (0.3ms)[0m  SELECT "activity_user_relations".* FROM "activity_user_relations" WHERE "activity_user_relations"."user_id" = ?  [["user_id", 3]]
  Rendered users/show.html.erb within layouts/application (3.8ms)
  Rendered layouts/_flash.erb (0.1ms)
Completed 200 OK in 33ms (Views: 28.6ms | ActiveRecord: 0.6ms)


Started GET "/following" for ::1 at 2023-11-01 15:07:33 -0400
Processing by FollowingController#index as HTML
  [1m[36m (1.2ms)[0m  [1mSELECT "follows"."followee" FROM "follows" WHERE "follows"."follower" = ?[0m  [["follower", 3]]
  [1m[35mActivity Load (0.2ms)[0m  SELECT "activities".* FROM "activities" WHERE 1=0  ORDER BY id
  Rendered following/index.html.erb within layouts/application (3.5ms)
  Rendered layouts/_flash.erb (0.1ms)
Completed 200 OK in 35ms (Views: 26.2ms | ActiveRecord: 1.7ms)


Started GET "/users/3" for ::1 at 2023-11-01 15:07:37 -0400
Processing by UsersController#show as HTML
  Parameters: {"id"=>"3"}
  [1m[36mUser Load (0.4ms)[0m  [1mSELECT  "users".* FROM "users" WHERE "users"."id" = ? LIMIT 1[0m  [["id", 3]]
  [1m[35mActivityUserRelation Load (0.1ms)[0m  SELECT "activity_user_relations".* FROM "activity_user_relations" WHERE "activity_user_relations"."user_id" = ?  [["user_id", 3]]
  Rendered users/show.html.erb within layouts/application (1.1ms)
  Rendered layouts/_flash.erb (0.1ms)
Completed 200 OK in 30ms (Views: 25.3ms | ActiveRecord: 0.5ms)


Started GET "/following" for ::1 at 2023-11-01 15:08:40 -0400
Processing by FollowingController#index as HTML
  [1m[36m (1.1ms)[0m  [1mSELECT "follows"."followee" FROM "follows" WHERE "follows"."follower" = ?[0m  [["follower", 3]]
  [1m[35mActivity Load (0.3ms)[0m  SELECT "activities".* FROM "activities" WHERE 1=0  ORDER BY id
  Rendered following/index.html.erb within layouts/application (1.7ms)
  Rendered layouts/_flash.erb (0.1ms)
Completed 200 OK in 31ms (Views: 25.4ms | ActiveRecord: 1.4ms)


Started GET "/activities" for ::1 at 2023-11-01 15:08:41 -0400
Processing by ActivitiesController#index as HTML
Redirected to http://localhost:3000/activities?categories%5BArts%5D=1&categories%5BEducation%5D=1&categories%5BEntertainment%5D=1&categories%5BSports%5D=1&sort_by=id
Filter chain halted as :force_index_redirect rendered or redirected
Completed 302 Found in 3ms (ActiveRecord: 0.0ms)


Started GET "/activities?categories%5BArts%5D=1&categories%5BEducation%5D=1&categories%5BEntertainment%5D=1&categories%5BSports%5D=1&sort_by=id" for ::1 at 2023-11-01 15:08:41 -0400
Processing by ActivitiesController#index as HTML
  Parameters: {"categories"=>{"Arts"=>"1", "Education"=>"1", "Entertainment"=>"1", "Sports"=>"1"}, "sort_by"=>"id"}
  [1m[36mActivity Load (0.4ms)[0m  [1mSELECT "activities".* FROM "activities"[0m
  [1m[35m (0.1ms)[0m  begin transaction
  [1m[36m (0.1ms)[0m  [1mcommit transaction[0m
  [1m[35m (0.1ms)[0m  begin transaction
  [1m[36m (0.0ms)[0m  [1mcommit transaction[0m
  [1m[35mActivity Load (0.4ms)[0m  SELECT "activities".* FROM "activities" WHERE (category in('Arts','Education','Entertainment','Sports'))  ORDER BY id
  [1m[36mUser Load (0.1ms)[0m  [1mSELECT  "users".* FROM "users" WHERE "users"."id" = ? LIMIT 1[0m  [["id", 1]]
  [1m[35m (0.1ms)[0m  SELECT COUNT(*) FROM "activity_user_relations" WHERE "activity_user_relations"."user_id" = ? AND "activity_user_relations"."activity_id" = ?  [["user_id", 3], ["activity_id", 1]]
  [1m[36mUser Load (0.1ms)[0m  [1mSELECT  "users".* FROM "users" WHERE "users"."id" = ? LIMIT 1[0m  [["id", 2]]
  [1m[35m (0.1ms)[0m  SELECT COUNT(*) FROM "activity_user_relations" WHERE "activity_user_relations"."user_id" = ? AND "activity_user_relations"."activity_id" = ?  [["user_id", 3], ["activity_id", 2]]
  Rendered activities/index.html.erb within layouts/application (9.4ms)
  Rendered layouts/_flash.erb (0.1ms)
Completed 200 OK in 54ms (Views: 45.2ms | ActiveRecord: 1.4ms)


Started GET "/activities/new" for ::1 at 2023-11-01 15:08:43 -0400
Processing by ActivitiesController#new as HTML
  Rendered activities/new.html.erb within layouts/application (28.2ms)
  Rendered layouts/_flash.erb (0.1ms)
Completed 200 OK in 48ms (Views: 46.6ms | ActiveRecord: 0.0ms)


Started GET "/activities" for ::1 at 2023-11-01 15:08:46 -0400
Processing by ActivitiesController#index as HTML
Redirected to http://localhost:3000/activities?categories%5BArts%5D=1&categories%5BEducation%5D=1&categories%5BEntertainment%5D=1&categories%5BSports%5D=1&sort_by=id
Filter chain halted as :force_index_redirect rendered or redirected
Completed 302 Found in 3ms (ActiveRecord: 0.0ms)


Started GET "/activities?categories%5BArts%5D=1&categories%5BEducation%5D=1&categories%5BEntertainment%5D=1&categories%5BSports%5D=1&sort_by=id" for ::1 at 2023-11-01 15:08:46 -0400
Processing by ActivitiesController#index as HTML
  Parameters: {"categories"=>{"Arts"=>"1", "Education"=>"1", "Entertainment"=>"1", "Sports"=>"1"}, "sort_by"=>"id"}
  [1m[36mActivity Load (0.2ms)[0m  [1mSELECT "activities".* FROM "activities"[0m
  [1m[35m (0.1ms)[0m  begin transaction
  [1m[36m (0.1ms)[0m  [1mcommit transaction[0m
  [1m[35m (0.1ms)[0m  begin transaction
  [1m[36m (0.1ms)[0m  [1mcommit transaction[0m
  [1m[35mActivity Load (0.2ms)[0m  SELECT "activities".* FROM "activities" WHERE (category in('Arts','Education','Entertainment','Sports'))  ORDER BY id
  [1m[36mUser Load (0.1ms)[0m  [1mSELECT  "users".* FROM "users" WHERE "users"."id" = ? LIMIT 1[0m  [["id", 1]]
  [1m[35m (0.1ms)[0m  SELECT COUNT(*) FROM "activity_user_relations" WHERE "activity_user_relations"."user_id" = ? AND "activity_user_relations"."activity_id" = ?  [["user_id", 3], ["activity_id", 1]]
  [1m[36mUser Load (0.1ms)[0m  [1mSELECT  "users".* FROM "users" WHERE "users"."id" = ? LIMIT 1[0m  [["id", 2]]
  [1m[35m (0.1ms)[0m  SELECT COUNT(*) FROM "activity_user_relations" WHERE "activity_user_relations"."user_id" = ? AND "activity_user_relations"."activity_id" = ?  [["user_id", 3], ["activity_id", 2]]
  Rendered activities/index.html.erb within layouts/application (8.4ms)
  Rendered layouts/_flash.erb (0.1ms)
Completed 200 OK in 35ms (Views: 27.0ms | ActiveRecord: 1.2ms)


Started GET "/activities?categories%5BArts%5D=1&categories%5BEducation%5D=1&categories%5BEntertainment%5D=1&categories%5BSports%5D=1&sort_by=id" for ::1 at 2023-11-01 15:39:46 -0400
  [1m[36mActiveRecord::SchemaMigration Load (0.8ms)[0m  [1mSELECT "schema_migrations".* FROM "schema_migrations"[0m
Processing by ActivitiesController#index as HTML
  Parameters: {"categories"=>{"Arts"=>"1", "Education"=>"1", "Entertainment"=>"1", "Sports"=>"1"}, "sort_by"=>"id"}
  [1m[35mActivity Load (0.1ms)[0m  SELECT "activities".* FROM "activities"
  [1m[36m (0.1ms)[0m  [1mbegin transaction[0m
  [1m[35m (0.0ms)[0m  commit transaction
  [1m[36m (0.0ms)[0m  [1mbegin transaction[0m
  [1m[35m (0.0ms)[0m  commit transaction
  [1m[36mActivity Load (0.1ms)[0m  [1mSELECT "activities".* FROM "activities" WHERE (category in('Arts','Education','Entertainment','Sports'))  ORDER BY id[0m
  [1m[35mUser Load (0.1ms)[0m  SELECT  "users".* FROM "users" WHERE "users"."id" = ? LIMIT 1  [["id", 1]]
  [1m[36m (0.1ms)[0m  [1mSELECT COUNT(*) FROM "activity_user_relations" WHERE "activity_user_relations"."user_id" = ? AND "activity_user_relations"."activity_id" = ?[0m  [["user_id", 3], ["activity_id", 1]]
  [1m[35mUser Load (0.0ms)[0m  SELECT  "users".* FROM "users" WHERE "users"."id" = ? LIMIT 1  [["id", 2]]
  [1m[36m (0.0ms)[0m  [1mSELECT COUNT(*) FROM "activity_user_relations" WHERE "activity_user_relations"."user_id" = ? AND "activity_user_relations"."activity_id" = ?[0m  [["user_id", 3], ["activity_id", 2]]
  Rendered activities/index.html.erb within layouts/application (15.4ms)
  Rendered layouts/_flash.erb (0.4ms)
Completed 200 OK in 312ms (Views: 292.6ms | ActiveRecord: 0.9ms)


Started GET "/following" for ::1 at 2023-11-01 15:40:15 -0400
Processing by FollowingController#index as HTML
  [1m[35m (0.9ms)[0m  SELECT "follows"."followee" FROM "follows" WHERE "follows"."follower" = ?  [["follower", 3]]
  [1m[36mActivity Load (0.2ms)[0m  [1mSELECT "activities".* FROM "activities" WHERE 1=0  ORDER BY id[0m
  Rendered following/index.html.erb within layouts/application (3.3ms)
  Rendered layouts/_flash.erb (0.1ms)
Completed 200 OK in 33ms (Views: 26.6ms | ActiveRecord: 1.3ms)


Started GET "/activities" for ::1 at 2023-11-01 15:40:17 -0400
Processing by ActivitiesController#index as HTML
Redirected to http://localhost:3000/activities?categories%5BArts%5D=1&categories%5BEducation%5D=1&categories%5BEntertainment%5D=1&categories%5BSports%5D=1&sort_by=id
Filter chain halted as :force_index_redirect rendered or redirected
Completed 302 Found in 3ms (ActiveRecord: 0.0ms)


Started GET "/activities?categories%5BArts%5D=1&categories%5BEducation%5D=1&categories%5BEntertainment%5D=1&categories%5BSports%5D=1&sort_by=id" for ::1 at 2023-11-01 15:40:17 -0400
Processing by ActivitiesController#index as HTML
  Parameters: {"categories"=>{"Arts"=>"1", "Education"=>"1", "Entertainment"=>"1", "Sports"=>"1"}, "sort_by"=>"id"}
  [1m[35mActivity Load (0.3ms)[0m  SELECT "activities".* FROM "activities"
  [1m[36m (0.1ms)[0m  [1mbegin transaction[0m
  [1m[35m (0.1ms)[0m  commit transaction
  [1m[36m (0.1ms)[0m  [1mbegin transaction[0m
  [1m[35m (0.1ms)[0m  commit transaction
  [1m[36mActivity Load (0.3ms)[0m  [1mSELECT "activities".* FROM "activities" WHERE (category in('Arts','Education','Entertainment','Sports'))  ORDER BY id[0m
  [1m[35mUser Load (0.1ms)[0m  SELECT  "users".* FROM "users" WHERE "users"."id" = ? LIMIT 1  [["id", 1]]
  [1m[36m (0.1ms)[0m  [1mSELECT COUNT(*) FROM "activity_user_relations" WHERE "activity_user_relations"."user_id" = ? AND "activity_user_relations"."activity_id" = ?[0m  [["user_id", 3], ["activity_id", 1]]
  [1m[35mUser Load (0.1ms)[0m  SELECT  "users".* FROM "users" WHERE "users"."id" = ? LIMIT 1  [["id", 2]]
  [1m[36m (0.1ms)[0m  [1mSELECT COUNT(*) FROM "activity_user_relations" WHERE "activity_user_relations"."user_id" = ? AND "activity_user_relations"."activity_id" = ?[0m  [["user_id", 3], ["activity_id", 2]]
  Rendered activities/index.html.erb within layouts/application (8.8ms)
  Rendered layouts/_flash.erb (0.1ms)
Completed 200 OK in 35ms (Views: 27.8ms | ActiveRecord: 1.3ms)


Started GET "/activities/new" for ::1 at 2023-11-01 15:40:20 -0400
Processing by ActivitiesController#new as HTML
  Rendered activities/new.html.erb within layouts/application (32.9ms)
  Rendered layouts/_flash.erb (0.1ms)
Completed 200 OK in 92ms (Views: 90.0ms | ActiveRecord: 0.0ms)


Started GET "/activities" for ::1 at 2023-11-01 15:40:23 -0400
Processing by ActivitiesController#index as HTML
Redirected to http://localhost:3000/activities?categories%5BArts%5D=1&categories%5BEducation%5D=1&categories%5BEntertainment%5D=1&categories%5BSports%5D=1&sort_by=id
Filter chain halted as :force_index_redirect rendered or redirected
Completed 302 Found in 8ms (ActiveRecord: 0.0ms)


Started GET "/activities?categories%5BArts%5D=1&categories%5BEducation%5D=1&categories%5BEntertainment%5D=1&categories%5BSports%5D=1&sort_by=id" for ::1 at 2023-11-01 15:40:23 -0400
Processing by ActivitiesController#index as HTML
  Parameters: {"categories"=>{"Arts"=>"1", "Education"=>"1", "Entertainment"=>"1", "Sports"=>"1"}, "sort_by"=>"id"}
  [1m[35mActivity Load (0.2ms)[0m  SELECT "activities".* FROM "activities"
  [1m[36m (0.1ms)[0m  [1mbegin transaction[0m
  [1m[35m (0.1ms)[0m  commit transaction
  [1m[36m (0.1ms)[0m  [1mbegin transaction[0m
  [1m[35m (0.1ms)[0m  commit transaction
  [1m[36mActivity Load (0.3ms)[0m  [1mSELECT "activities".* FROM "activities" WHERE (category in('Arts','Education','Entertainment','Sports'))  ORDER BY id[0m
  [1m[35mUser Load (0.1ms)[0m  SELECT  "users".* FROM "users" WHERE "users"."id" = ? LIMIT 1  [["id", 1]]
  [1m[36m (0.1ms)[0m  [1mSELECT COUNT(*) FROM "activity_user_relations" WHERE "activity_user_relations"."user_id" = ? AND "activity_user_relations"."activity_id" = ?[0m  [["user_id", 3], ["activity_id", 1]]
  [1m[35mUser Load (0.1ms)[0m  SELECT  "users".* FROM "users" WHERE "users"."id" = ? LIMIT 1  [["id", 2]]
  [1m[36m (0.1ms)[0m  [1mSELECT COUNT(*) FROM "activity_user_relations" WHERE "activity_user_relations"."user_id" = ? AND "activity_user_relations"."activity_id" = ?[0m  [["user_id", 3], ["activity_id", 2]]
  Rendered activities/index.html.erb within layouts/application (8.1ms)
  Rendered layouts/_flash.erb (0.1ms)
Completed 200 OK in 33ms (Views: 26.5ms | ActiveRecord: 1.1ms)


Started GET "/users/3" for ::1 at 2023-11-01 15:40:25 -0400
Processing by UsersController#show as HTML
  Parameters: {"id"=>"3"}
  [1m[35mUser Load (0.3ms)[0m  SELECT  "users".* FROM "users" WHERE "users"."id" = ? LIMIT 1  [["id", 3]]
  [1m[36mActivityUserRelation Load (0.2ms)[0m  [1mSELECT "activity_user_relations".* FROM "activity_user_relations" WHERE "activity_user_relations"."user_id" = ?[0m  [["user_id", 3]]
  Rendered users/show.html.erb within layouts/application (2.4ms)
  Rendered layouts/_flash.erb (0.1ms)
Completed 200 OK in 28ms (Views: 24.0ms | ActiveRecord: 0.5ms)


Started GET "/users/logout" for ::1 at 2023-11-01 15:40:28 -0400
Processing by UsersController#logout as HTML
Redirected to http://localhost:3000/
Completed 302 Found in 2ms (ActiveRecord: 0.0ms)


Started GET "/" for ::1 at 2023-11-01 15:40:28 -0400
Processing by UsersController#index as HTML
Redirected to http://localhost:3000/sessions/new
Completed 302 Found in 2ms (ActiveRecord: 0.0ms)


Started GET "/sessions/new" for ::1 at 2023-11-01 15:40:28 -0400
Processing by SessionsController#new as HTML
  Rendered sessions/new.html.erb within layouts/application (4.0ms)
  Rendered layouts/_flash.erb (0.1ms)
Completed 200 OK in 26ms (Views: 26.0ms | ActiveRecord: 0.0ms)


Started GET "/sessions/new" for ::1 at 2023-11-01 15:44:51 -0400
Processing by SessionsController#new as HTML
  Rendered sessions/new.html.erb within layouts/application (4.4ms)
  Rendered layouts/_flash.erb (0.2ms)
Completed 200 OK in 34ms (Views: 32.8ms | ActiveRecord: 0.0ms)


Started GET "/sessions/new" for ::1 at 2023-11-01 15:47:14 -0400
Processing by SessionsController#new as HTML
  Rendered sessions/new.html.erb within layouts/application (5.0ms)
  Rendered layouts/_flash.erb (0.4ms)
Completed 200 OK in 38ms (Views: 37.3ms | ActiveRecord: 0.0ms)


Started GET "/sessions/new" for ::1 at 2023-11-01 15:47:27 -0400
Processing by SessionsController#new as HTML
  Rendered sessions/new.html.erb within layouts/application (3.0ms)
  Rendered layouts/_flash.erb (0.1ms)
Completed 200 OK in 32ms (Views: 31.7ms | ActiveRecord: 0.0ms)
